[02:15:08] [ServerMain/INFO]: [bootstrap] Running Java 25 (OpenJDK 64-Bit Server VM 25.0.3+9-2-24.04.2-Ubuntu; Ubuntu null) on Linux 6.8.0-1052-azure (amd64)
[02:15:08] [ServerMain/INFO]: [bootstrap] Loading Paper 26.1.2-60-main@b4682bf (2026-05-04T06:25:04Z) for Minecraft 26.1.2
[02:15:09] [ServerMain/INFO]: [PluginInitializerManager] Initializing plugins...
[02:15:10] [ServerMain/INFO]: [PluginInitializerManager] Initialized 22 plugins
[02:15:10] [ServerMain/INFO]: [PluginInitializerManager] Bukkit plugins (22):
 - AddHeads (1.2.2), AuthMe (6.0.0-b2734), Chunky (1.5.3), Essentials (2.22.0), GSit (3.5.1), Geyser-Spigot (2.11.0-SNAPSHOT), GrimAC (2.3.74-936179e), InvSeePlusPlus (0.31.15), LuckPerms (5.5.53), PlaceholderAPI (2.12.3), SVCPlaceholderBridge (1.0.0), SkinsRestorer (15.12.5), TAB (6.1.0), TabTPS (1.4.1), TerraformGenerator (27.0.1), Timber (1.8.4), UnlimitedNameTags (2.0.1), ViaBackwards (5.10.0), ViaVersion (5.10.0), floodgate (2.2.5-SNAPSHOT (b138-fc99cfc)), packetevents (2.13.0), voicechat (2.6.20)
[02:15:17] [ServerMain/WARN]: You specified a resource pack without providing a sha1 hash. Pack will be updated on the client only if you change the name of the pack.
[02:15:17] [ServerMain/WARN]: resource-pack-id missing, using default of b14fa36b-7066-3a43-917c-88a73279da26
[02:15:17] [ServerMain/INFO]: Environment: Environment[sessionHost=https://sessionserver.mojang.com, servicesHost=https://api.minecraftservices.com, profilesHost=https://api.mojang.com, name=PROD]
[02:15:21] [ServerMain/INFO]: Loaded 1515 recipes
[02:15:21] [ServerMain/INFO]: Loaded 1617 advancements
[02:15:21] [ServerMain/INFO]: [ca.spottedleaf.dataconverter.minecraft.datatypes.MCTypeRegistry] Initialising converters for DataConverter...
[02:15:22] [ServerMain/INFO]: [ca.spottedleaf.dataconverter.minecraft.datatypes.MCTypeRegistry] Finished initialising converters for DataConverter in 618.8ms
[02:15:22] [ServerMain/WARN]: You specified a resource pack without providing a sha1 hash. Pack will be updated on the client only if you change the name of the pack.
[02:15:22] [ServerMain/WARN]: resource-pack-id missing, using default of b14fa36b-7066-3a43-917c-88a73279da26
[02:15:22] [Server thread/INFO]: Starting minecraft server version 26.1.2
[02:15:22] [Server thread/INFO]: Loading properties
[02:15:22] [Server thread/INFO]: This server is running Paper version 26.1.2-60-main@b4682bf (2026-05-04T06:25:04Z) (Implementing API version 26.1.2.build.60-stable)
[02:15:22] [Server thread/INFO]: [spark] This server bundles the spark profiler. For more information please visit https://docs.papermc.io/paper/profiling
[02:15:23] [Server thread/INFO]: Server Ping Player Sample Count: 12
[02:15:23] [Server thread/INFO]: Using 4 threads for Netty based IO
[02:15:24] [Server thread/INFO]: [MoonriseCommon] Paper is using 1 worker threads, 1 I/O threads
[02:15:25] [Server thread/INFO]: Default game type: SURVIVAL
[02:15:25] [Server thread/INFO]: Generating keypair
[02:15:25] [Server thread/INFO]: Starting Minecraft server on *:25565
[02:15:25] [Server thread/INFO]: Paper: Using libdeflate (Linux x86_64) compression from Velocity.
[02:15:25] [Server thread/INFO]: Paper: Using OpenSSL 3.x.x (Linux x86_64) cipher from Velocity.
[02:15:26] [Server thread/INFO]: [SpigotLibraryLoader] [AuthMe] Loading 17 libraries... please wait
[02:15:27] [Server thread/INFO]: [SpigotLibraryLoader] [AuthMe] Loaded library /workspaces/server/servidor_minecraft/libraries/ch/jalu/injector/1.0/injector-1.0.jar
[02:15:27] [Server thread/INFO]: [SpigotLibraryLoader] [AuthMe] Loaded library /workspaces/server/servidor_minecraft/libraries/javax/inject/javax.inject/1/javax.inject-1.jar
[02:15:27] [Server thread/INFO]: [SpigotLibraryLoader] [AuthMe] Loaded library /workspaces/server/servidor_minecraft/libraries/javax/annotation/javax.annotation-api/1.3.1/javax.annotation-api-1.3.1.jar
[02:15:27] [Server thread/INFO]: [SpigotLibraryLoader] [AuthMe] Loaded library /workspaces/server/servidor_minecraft/libraries/net/ricecode/string-similarity/1.0.0/string-similarity-1.0.0.jar
[02:15:27] [Server thread/INFO]: [SpigotLibraryLoader] [AuthMe] Loaded library /workspaces/server/servidor_minecraft/libraries/com/maxmind/geoip2/geoip2/4.3.0/geoip2-4.3.0.jar
[02:15:27] [Server thread/INFO]: [SpigotLibraryLoader] [AuthMe] Loaded library /workspaces/server/servidor_minecraft/libraries/com/maxmind/db/maxmind-db/3.1.1/maxmind-db-3.1.1.jar
[02:15:27] [Server thread/INFO]: [SpigotLibraryLoader] [AuthMe] Loaded library /workspaces/server/servidor_minecraft/libraries/com/fasterxml/jackson/core/jackson-databind/2.19.0/jackson-databind-2.19.0.jar
[02:15:27] [Server thread/INFO]: [SpigotLibraryLoader] [AuthMe] Loaded library /workspaces/server/servidor_minecraft/libraries/com/fasterxml/jackson/datatype/jackson-datatype-jsr310/2.19.0/jackson-datatype-jsr310-2.19.0.jar
[02:15:27] [Server thread/INFO]: [SpigotLibraryLoader] [AuthMe] Loaded library /workspaces/server/servidor_minecraft/libraries/com/fasterxml/jackson/core/jackson-core/2.19.0/jackson-core-2.19.0.jar
[02:15:27] [Server thread/INFO]: [SpigotLibraryLoader] [AuthMe] Loaded library /workspaces/server/servidor_minecraft/libraries/com/fasterxml/jackson/core/jackson-annotations/2.19.0/jackson-annotations-2.19.0.jar
[02:15:27] [Server thread/INFO]: [SpigotLibraryLoader] [AuthMe] Loaded library /workspaces/server/servidor_minecraft/libraries/javatar/javatar/2.5/javatar-2.5.jar
[02:15:27] [Server thread/INFO]: [SpigotLibraryLoader] [AuthMe] Loaded library /workspaces/server/servidor_minecraft/libraries/org/apache/commons/commons-email/1.6.0/commons-email-1.6.0.jar
[02:15:27] [Server thread/INFO]: [SpigotLibraryLoader] [AuthMe] Loaded library /workspaces/server/servidor_minecraft/libraries/com/sun/mail/jakarta.mail/1.6.7/jakarta.mail-1.6.7.jar
[02:15:27] [Server thread/INFO]: [SpigotLibraryLoader] [AuthMe] Loaded library /workspaces/server/servidor_minecraft/libraries/com/sun/activation/jakarta.activation/1.2.1/jakarta.activation-1.2.1.jar
[02:15:27] [Server thread/INFO]: [SpigotLibraryLoader] [AuthMe] Loaded library /workspaces/server/servidor_minecraft/libraries/com/zaxxer/HikariCP/7.0.2/HikariCP-7.0.2.jar
[02:15:27] [Server thread/INFO]: [SpigotLibraryLoader] [AuthMe] Loaded library /workspaces/server/servidor_minecraft/libraries/org/slf4j/slf4j-api/2.0.17/slf4j-api-2.0.17.jar
[02:15:27] [Server thread/INFO]: [SpigotLibraryLoader] [AuthMe] Loaded library /workspaces/server/servidor_minecraft/libraries/org/slf4j/slf4j-simple/2.0.13/slf4j-simple-2.0.13.jar
[02:15:27] [Server thread/INFO]: [SpigotLibraryLoader] [AuthMe] Loaded library /workspaces/server/servidor_minecraft/libraries/ch/jalu/datasourcecolumns/0.1.2/datasourcecolumns-0.1.2.jar
[02:15:27] [Server thread/INFO]: [SpigotLibraryLoader] [AuthMe] Loaded library /workspaces/server/servidor_minecraft/libraries/com/mysql/mysql-connector-j/9.3.0/mysql-connector-j-9.3.0.jar
[02:15:27] [Server thread/INFO]: [SpigotLibraryLoader] [AuthMe] Loaded library /workspaces/server/servidor_minecraft/libraries/com/google/protobuf/protobuf-java/4.29.0/protobuf-java-4.29.0.jar
[02:15:27] [Server thread/INFO]: [SpigotLibraryLoader] [AuthMe] Loaded library /workspaces/server/servidor_minecraft/libraries/org/mariadb/jdbc/mariadb-java-client/3.5.7/mariadb-java-client-3.5.7.jar
[02:15:27] [Server thread/INFO]: [SpigotLibraryLoader] [AuthMe] Loaded library /workspaces/server/servidor_minecraft/libraries/org/postgresql/postgresql/42.7.7/postgresql-42.7.7.jar
[02:15:27] [Server thread/INFO]: [SpigotLibraryLoader] [AuthMe] Loaded library /workspaces/server/servidor_minecraft/libraries/org/checkerframework/checker-qual/3.49.3/checker-qual-3.49.3.jar
[02:15:27] [Server thread/INFO]: [SpigotLibraryLoader] [AuthMe] Loaded library /workspaces/server/servidor_minecraft/libraries/de/rtner/PBKDF2/1.1.4/PBKDF2-1.1.4.jar
[02:15:27] [Server thread/INFO]: [SpigotLibraryLoader] [AuthMe] Loaded library /workspaces/server/servidor_minecraft/libraries/org/picketbox/picketbox/4.0.21.Final/picketbox-4.0.21.Final.jar
[02:15:27] [Server thread/INFO]: [SpigotLibraryLoader] [AuthMe] Loaded library /workspaces/server/servidor_minecraft/libraries/de/mkammerer/argon2-jvm-nolibs/2.12/argon2-jvm-nolibs-2.12.jar
[02:15:27] [Server thread/INFO]: [SpigotLibraryLoader] [AuthMe] Loaded library /workspaces/server/servidor_minecraft/libraries/net/java/dev/jna/jna/5.16.0/jna-5.16.0.jar
[02:15:27] [Server thread/INFO]: [SpigotLibraryLoader] [AuthMe] Loaded library /workspaces/server/servidor_minecraft/libraries/at/favre/lib/bcrypt/0.10.2/bcrypt-0.10.2.jar
[02:15:27] [Server thread/INFO]: [SpigotLibraryLoader] [AuthMe] Loaded library /workspaces/server/servidor_minecraft/libraries/at/favre/lib/bytes/1.5.0/bytes-1.5.0.jar
[02:15:27] [Server thread/INFO]: [SpigotLibraryLoader] [AuthMe] Loaded library /workspaces/server/servidor_minecraft/libraries/com/warrenstrange/googleauth/1.5.0/googleauth-1.5.0.jar
[02:15:27] [Server thread/INFO]: [SpigotLibraryLoader] [AuthMe] Loaded library /workspaces/server/servidor_minecraft/libraries/commons-codec/commons-codec/1.14/commons-codec-1.14.jar
[02:15:27] [Server thread/INFO]: [SpigotLibraryLoader] [AuthMe] Loaded library /workspaces/server/servidor_minecraft/libraries/org/apache/httpcomponents/httpclient/4.5.12/httpclient-4.5.12.jar
[02:15:27] [Server thread/INFO]: [SpigotLibraryLoader] [AuthMe] Loaded library /workspaces/server/servidor_minecraft/libraries/org/apache/httpcomponents/httpcore/4.4.13/httpcore-4.4.13.jar
[02:15:27] [Server thread/INFO]: [SpigotLibraryLoader] [AuthMe] Loaded library /workspaces/server/servidor_minecraft/libraries/commons-logging/commons-logging/1.2/commons-logging-1.2.jar
[02:15:27] [Server thread/INFO]: [SpigotLibraryLoader] [AuthMe] Loaded library /workspaces/server/servidor_minecraft/libraries/ch/jalu/configme/1.3.1/configme-1.3.1.jar
[02:15:27] [Server thread/INFO]: [SpigotLibraryLoader] [AuthMe] Loaded library /workspaces/server/servidor_minecraft/libraries/org/yaml/snakeyaml/2.0/snakeyaml-2.0.jar
[02:15:27] [Server thread/INFO]: [SpigotLibraryLoader] [AuthMe] Loaded library /workspaces/server/servidor_minecraft/libraries/org/bstats/bstats-bukkit/3.1.0/bstats-bukkit-3.1.0.jar
[02:15:27] [Server thread/INFO]: [SpigotLibraryLoader] [AuthMe] Loaded library /workspaces/server/servidor_minecraft/libraries/org/bstats/bstats-base/3.1.0/bstats-base-3.1.0.jar
[02:15:27] [Server thread/INFO]: [SpigotLibraryLoader] [UnlimitedNameTags] Loading 3 libraries... please wait
[02:15:27] [Server thread/INFO]: [SpigotLibraryLoader] [UnlimitedNameTags] Loaded library /workspaces/server/servidor_minecraft/libraries/net/jodah/expiringmap/0.5.11/expiringmap-0.5.11.jar
[02:15:27] [Server thread/INFO]: [SpigotLibraryLoader] [UnlimitedNameTags] Loaded library /workspaces/server/servidor_minecraft/libraries/org/apache/commons/commons-jexl3/3.4.0/commons-jexl3-3.4.0.jar
[02:15:27] [Server thread/INFO]: [SpigotLibraryLoader] [UnlimitedNameTags] Loaded library /workspaces/server/servidor_minecraft/libraries/commons-logging/commons-logging/1.3.2/commons-logging-1.3.2.jar
[02:15:27] [Server thread/INFO]: [SpigotLibraryLoader] [UnlimitedNameTags] Loaded library /workspaces/server/servidor_minecraft/libraries/org/snakeyaml/snakeyaml-engine/2.7/snakeyaml-engine-2.7.jar
[02:15:27] [Server thread/INFO]: [ViaVersion] Loading server plugin ViaVersion v5.10.0
[02:15:27] [Server thread/INFO]: [ViaVersion] ViaVersion 5.10.0 is now loaded. Registering protocol transformers and injecting...
[02:15:27] [Via-Mappingloader-1/INFO]: [ViaVersion] Loading block connection mappings ...
[02:15:28] [Server thread/INFO]: [ViaBackwards] Loading translations...
[02:15:28] [Server thread/INFO]: [ViaBackwards] Registering protocols...
[02:15:29] [Server thread/INFO]: [PlaceholderAPI] Loading server plugin PlaceholderAPI v2.12.3
[02:15:29] [Server thread/INFO]: [floodgate] Loading server plugin floodgate v2.2.5-SNAPSHOT (b138-fc99cfc)
[02:15:31] [Server thread/WARN]: [floodgate] en_ is not a supported Floodgate language.
[02:15:31] [Server thread/INFO]: [floodgate] Took 1,404ms to boot Floodgate
[02:15:31] [Server thread/INFO]: [LuckPerms] Loading server plugin LuckPerms v5.5.53
[02:15:31] [Server thread/INFO]: [LuckPerms] Loading configuration...
[02:15:31] [Server thread/INFO]: [TabTPS] Loading server plugin TabTPS v1.4.1
[02:15:31] [Server thread/INFO]: [Geyser-Spigot] Loading server plugin Geyser-Spigot v2.11.0-SNAPSHOT
[02:15:32] [Server thread/INFO]: [Geyser-Spigot] Loading extensions...
[02:15:32] [Server thread/INFO]: [Geyser-Spigot] Loaded 0 extension(s)
[02:15:32] [Server thread/INFO]: [ViaBackwards] Loading server plugin ViaBackwards v5.10.0
[02:15:32] [Server thread/INFO]: [Essentials] Loading server plugin Essentials v2.22.0
[02:15:32] [Server thread/INFO]: [voicechat] Loading server plugin voicechat v2.6.20
[02:15:32] [Server thread/INFO]: [packetevents] Loading server plugin packetevents v2.13.0
[02:15:33] [Server thread/INFO]: [packetevents] Loading packetevents...
[02:15:35] [Server thread/INFO]: [packetevents] Loaded packetevents v2.13.0
[02:15:35] [Server thread/INFO]: [TAB] Loading server plugin TAB v6.1.0
[02:15:35] [Server thread/INFO]: [SkinsRestorer] Loading server plugin SkinsRestorer v15.12.5
[02:15:35] [Server thread/INFO]: [GrimAC] Loading server plugin GrimAC v2.3.74-936179e
[02:15:35] [Server thread/ERROR]: [GrimAC] [STDERR] SLF4J(W): No SLF4J providers were found.
[02:15:36] [Server thread/WARN]: Nag author(s): '[GrimAC]' of 'GrimAC v2.3.74-936179e' about their usage of System.out/err.print. Please use your plugin's logger instead (JavaPlugin#getLogger).
[02:15:36] [Server thread/ERROR]: [GrimAC] [STDERR] SLF4J(W): Defaulting to no-operation (NOP) logger implementation
[02:15:36] [Server thread/ERROR]: [GrimAC] [STDERR] SLF4J(W): See https://www.slf4j.org/codes.html#noProviders for further details.
[02:15:36] [Server thread/INFO]: [GrimAC] Loading PacketEvents...
[02:15:36] [Server thread/INFO]: [packetevents] Loading packetevents...
[02:15:38] [Server thread/INFO]: [packetevents] Loaded packetevents v2.13.1+4d40422-SNAPSHOT for GrimAC
[02:15:38] [pool-17-thread-1/INFO]: [packetevents] Loading block mappings for V_26_1/21...
[02:15:38] [Server thread/WARN]: [GrimAC] Deprecated Grim command-execute string listener registered; use the Supplier<String> verbose handler and call verbose.get() only when text is needed.
[02:15:38] [Server thread/INFO]: [TerraformGenerator] Loading server plugin TerraformGenerator v27.0.1
[02:15:38] [Server thread/INFO]: [SVCPlaceholderBridge] Loading server plugin SVCPlaceholderBridge v1.0.0
[02:15:38] [Server thread/INFO]: [AuthMe] Loading server plugin AuthMe v6.0.0-b2734
[02:15:38] [Server thread/INFO]: [UnlimitedNameTags] Loading server plugin UnlimitedNameTags v2.0.1
[02:15:38] [Server thread/INFO]: [AddHeads] Loading server plugin AddHeads v1.2.2
[02:15:38] [Server thread/INFO]: [Timber] Loading server plugin Timber v1.8.4
[02:15:38] [Server thread/INFO]: [Chunky] Loading server plugin Chunky v1.5.3
[02:15:38] [Server thread/INFO]: [GSit] Loading server plugin GSit v3.5.1
[02:15:39] [Server thread/INFO]: [InvSee++] Loading server plugin InvSeePlusPlus v0.31.15
[02:15:39] [Server thread/INFO]: Server permissions file permissions.yml is empty, ignoring it
[02:15:39] [Server thread/INFO]: [LuckPerms] Enabling LuckPerms v5.5.53
[02:15:39] [pool-17-thread-1/INFO]: [packetevents] Finished loading block mappings for V_26_1/21 in 705.819727ms
[02:15:39] [Server thread/INFO]:         __    
[02:15:39] [Server thread/INFO]:   |    |__)   LuckPerms v5.5.53
[02:15:39] [Server thread/INFO]:   |___ |      Running on Bukkit - Paper
[02:15:39] [Server thread/INFO]: 
[02:15:39] [Server thread/INFO]: [LuckPerms] Loading storage provider... [H2]
[02:15:40] [Server thread/INFO]: [LuckPerms] Loading internal permission managers...
[02:15:40] [Server thread/INFO]: [LuckPerms] Performing initial data load...
[02:15:41] [Server thread/INFO]: [LuckPerms] Successfully enabled. (took 2220ms)
[02:15:41] [Server thread/INFO]: [SkinsRestorer] Enabling SkinsRestorer v15.12.5
[02:15:42] [Server thread/INFO]: [SkinsRestorer] Running on Minecraft 26.1.2.
[02:15:43] [Server thread/INFO]: [SkinsRestorer] Floodgate skin listener registered
[02:15:44] [Server thread/INFO]: [SkinsRestorer] Using paper join listener!
[02:15:44] [Server thread/INFO]: [PlaceholderAPI] Successfully registered internal expansion: skinsrestorer [15.12.5]
[02:15:44] [Server thread/INFO]: [SkinsRestorer] PlaceholderAPI expansion registered!
[02:15:44] [Server thread/INFO]: [TerraformGenerator] Enabling TerraformGenerator v27.0.1
[02:15:44] [Folia Async Scheduler Thread #1/INFO]: [SkinsRestorer] ----------------------------------------------
[02:15:44] [Folia Async Scheduler Thread #1/INFO]: [SkinsRestorer]     +===================+
[02:15:44] [Folia Async Scheduler Thread #1/INFO]: [SkinsRestorer]     |   SkinsRestorer   |
[02:15:44] [Folia Async Scheduler Thread #1/INFO]: [SkinsRestorer]     |-------------------|
[02:15:44] [Folia Async Scheduler Thread #1/INFO]: [SkinsRestorer]     |  Standalone Mode  |
[02:15:44] [Folia Async Scheduler Thread #1/INFO]: [SkinsRestorer]     +===================+
[02:15:44] [Folia Async Scheduler Thread #1/INFO]: [SkinsRestorer] ----------------------------------------------
[02:15:44] [Folia Async Scheduler Thread #1/INFO]: [SkinsRestorer]     Version: 15.12.5
[02:15:44] [Folia Async Scheduler Thread #1/INFO]: [SkinsRestorer]     Commit: 98b9488
[02:15:44] [Folia Async Scheduler Thread #1/INFO]: [SkinsRestorer]     This is the latest version!
[02:15:44] [Folia Async Scheduler Thread #1/INFO]: [SkinsRestorer] ----------------------------------------------
[02:15:44] [Folia Async Scheduler Thread #1/INFO]: [SkinsRestorer] Do you have issues? Read our troubleshooting guide: https://skinsrestorer.net/docs/troubleshooting
[02:15:44] [Folia Async Scheduler Thread #1/INFO]: [SkinsRestorer] Want to support SkinsRestorer or receive priority support? Become a supporter: https://skinsrestorer.net/pricing
[02:15:44] [Server thread/INFO]: [TerraformGenerator] Custom Logger Initialized
[02:15:44] [Server thread/INFO]: [TerraformGenerator] bStats Metrics enabled.
[02:15:44] [Server thread/INFO]: [TerraformGenerator] Detected version: 26.1.2, plugin will use Version.v26_1_2, packName: v26_1
[02:15:44] [Server thread/WARN]: **** SERVER IS RUNNING IN OFFLINE/INSECURE MODE!
[02:15:44] [Server thread/WARN]: The server will make no attempt to authenticate usernames. Beware.
[02:15:44] [Server thread/WARN]: While this makes the game possible to play without internet access, it also opens up the ability for hackers to connect with any username they choose.
[02:15:44] [Server thread/WARN]: To change this, set "online-mode" to "true" in the server.properties file.
[02:15:44] [Server thread/INFO]: Preparing level "world"
[02:15:45] [Server thread/INFO]: [TerraformGenerator] Detected world: world, commencing injection... 
[02:15:45] [Server thread/INFO]: [TerraformGenerator] Injection success! Proceeding with generation.
[02:15:45] [Server thread/INFO]: Loading 0 persistent chunks for level 'minecraft:overworld'...
[02:15:45] [Server thread/INFO]: Preparing spawn area: 100%
[02:15:45] [Server thread/INFO]: Prepared spawn area in 9 ms
[02:15:45] [Server thread/INFO]: [TerraformGenerator] world loaded.
[02:15:45] [Server thread/INFO]: Loading 0 persistent chunks for level 'minecraft:the_nether'...
[02:15:45] [Server thread/INFO]: Preparing spawn area: 100%
[02:15:45] [Server thread/INFO]: Prepared spawn area in 6 ms
[02:15:45] [Server thread/INFO]: Done preparing level "world" (0.905s)
[02:15:45] [Server thread/INFO]: [ViaVersion] Enabling ViaVersion v5.10.0
[02:15:45] [Server thread/INFO]: [ViaVersion] ViaVersion detected server version: 26.1-26.1.2 (775)
[02:15:45] [Server thread/INFO]: [PlaceholderAPI] Enabling PlaceholderAPI v2.12.3
[02:15:46] [Server thread/INFO]: [PlaceholderAPI] Fetching available expansion information...
[02:15:46] [Server thread/INFO]: [floodgate] Enabling floodgate v2.2.5-SNAPSHOT (b138-fc99cfc)
[02:15:46] [Server thread/INFO]: [TabTPS] Enabling TabTPS v1.4.1
[02:15:48] [Server thread/INFO]: [Geyser-Spigot] Enabling Geyser-Spigot v2.11.0-SNAPSHOT
[02:15:50] [Server thread/INFO]: [ViaBackwards] Enabling ViaBackwards v5.10.0
[02:15:50] [Server thread/INFO]: [Essentials] Enabling Essentials v2.22.0
[02:15:51] [Server thread/INFO]: [Essentials] Attempting to convert old kits in config.yml to new kits.yml
[02:15:51] [Server thread/INFO]: [Essentials] No kits found to migrate.
[02:15:51] [Server thread/INFO]: [Essentials] Selected Paper Server State Provider as the provider for ServerStateProvider
[02:15:51] [Server thread/INFO]: [Essentials] Selected 1.20.5+ Banner Data Provider as the provider for BannerDataProvider
[02:15:51] [Server thread/INFO]: [Essentials] Selected 1.12.2+ Player Locale Provider as the provider for PlayerLocaleProvider
[02:15:51] [Server thread/INFO]: [Essentials] Selected 1.14.4+ Persistent Data Container Provider as the provider for PersistentDataProvider
[02:15:51] [Server thread/INFO]: [Essentials] Selected Paper Serialization Provider as the provider for SerializationProvider
[02:15:51] [Server thread/INFO]: [Essentials] Selected Paper Container Provider as the provider for ContainerProvider
[02:15:51] [Server thread/INFO]: [Essentials] Selected 1.20.4+ Damage Event Provider as the provider for DamageEventProvider
[02:15:51] [Server thread/INFO]: [Essentials] Selected Reflection Formatted Command Alias Provider as the provider for FormattedCommandAliasProvider
[02:15:51] [Server thread/INFO]: [Essentials] Selected Paper Material Tag Provider as the provider for MaterialTagProvider
[02:15:51] [Server thread/INFO]: [Essentials] Selected Reflection Online Mode Provider as the provider for OnlineModeProvider
[02:15:51] [Server thread/INFO]: [Essentials] Selected 1.12+ Spawner Block Provider as the provider for SpawnerBlockProvider
[02:15:51] [Server thread/INFO]: [Essentials] Selected 1.17.1+ World Info Provider as the provider for WorldInfoProvider
[02:15:51] [Server thread/INFO]: [Essentials] Selected 1.21+ InventoryView Interface ABI Provider as the provider for InventoryViewProvider
[02:15:51] [Server thread/INFO]: [Essentials] Selected 1.14+ Sign Data Provider as the provider for SignDataProvider
[02:15:51] [Server thread/INFO]: [Essentials] Selected 1.11+ Item Unbreakable Provider as the provider for ItemUnbreakableProvider
[02:15:51] [Server thread/INFO]: [Essentials] Selected 1.21.4+ Sync Commands Provider as the provider for SyncCommandsProvider
[02:15:51] [Server thread/INFO]: [Essentials] Selected Paper 1.13+ Tile Entity Provider as the provider for TileEntityProvider
[02:15:51] [Server thread/INFO]: [Essentials] Selected Paper Known Commands Provider as the provider for KnownCommandsProvider
[02:15:51] [Server thread/INFO]: [Essentials] Selected 1.13+ Spawn Egg Provider as the provider for SpawnEggProvider
[02:15:51] [Server thread/INFO]: [Essentials] Selected Legacy Biome Name Provider as the provider for BiomeNameProvider
[02:15:51] [Server thread/INFO]: [Essentials] Selected 1.8.3+ Spawner Item Provider as the provider for SpawnerItemProvider
[02:15:51] [Server thread/INFO]: [Essentials] Selected Paper Tick Count Provider as the provider for TickCountProvider
[02:15:51] [Server thread/INFO]: [Essentials] Selected Paper Biome Key Provider as the provider for BiomeKeyProvider
[02:15:51] [Server thread/INFO]: [Essentials] Selected 1.20.6+ Potion Meta Provider as the provider for PotionMetaProvider
[02:15:51] [Server thread/INFO]: [Essentials] Loaded 46312 items from items.json.
[02:15:51] [Server thread/INFO]: [Essentials] Using locale en
[02:15:52] [Server thread/INFO]: [Essentials] ServerListPingEvent: Spigot iterator API
[02:15:52] [Server thread/INFO]: [Essentials] Starting Metrics. Opt-out using the global bStats config.
[02:15:52] [Server thread/WARN]: [Essentials] Detected supported permissions plugin LuckPerms without Vault installed.
[02:15:52] [Server thread/WARN]: [Essentials] Features such as chat prefixes/suffixes and group-related functionality will not work until you install Vault.
[02:15:52] [Server thread/INFO]: [Essentials] Using superperms-based permissions.
[02:15:52] [Server thread/INFO]: [voicechat] Enabling voicechat v2.6.20
[02:15:52] [Server thread/INFO]: [voicechat] Initializing compatibility for version 26.1.2.build.60-stable
[02:15:52] [Server thread/INFO]: [voicechat] Compatibility version 20
[02:15:52] [Server thread/INFO]: [voicechat] Successfully initialized commodore command completion
[02:15:52] [Server thread/INFO]: [PlaceholderAPI] Successfully registered internal expansion: voicechat [2.6.20]
[02:15:52] [Server thread/INFO]: [voicechat] Successfully registered PlaceholderAPI expansion
[02:15:52] [Server thread/INFO]: [voicechat] Successfully added ViaVersion mappings
[02:15:52] [Server thread/INFO]: [packetevents] Enabling packetevents v2.13.0
[02:15:52] [packetevents-update-check-thread/INFO]: [packetevents] Checking for updates, please wait...
[02:15:52] [Server thread/INFO]: [TAB] Enabling TAB v6.1.0
[02:15:52] [packetevents-update-check-thread/INFO]: [packetevents] You are running the latest release: 2.13.0
[02:15:52] [Server thread/INFO]: [TAB] Found NMS implementation: me.neznamy.tab.platforms.bukkit.paper_1_21_11.NMSImplementationProvider
[02:15:53] [Server thread/INFO]: [TAB] Enabled in 557ms
[02:15:53] [Server thread/INFO]: [GrimAC] Enabling GrimAC v2.3.74-936179e
[02:15:53] [Server thread/INFO]: [GrimAC] Registering packets...
[02:15:53] [Server thread/INFO]: [GrimAC] Registering tick schedulers...
[02:15:53] [Server thread/INFO]: Grim Version: 2.3.74-936179e
[02:15:54] [Server thread/INFO]: [grim-datastore] [grim-datastore] SQLite engine 3.49.1 — using modern dialect
[02:15:54] [Server thread/INFO]: [grim-datastore] [v2-bootstrap] grim:grim_sessions (sessions): 0 migration(s)
[02:15:54] [Server thread/INFO]: [grim-datastore] [v2-bootstrap] grim:grim_players (players): 0 migration(s)
[02:15:54] [Server thread/INFO]: [grim-datastore] [v2-bootstrap] grim:grim_settings (settings): 0 migration(s)
[02:15:54] [Server thread/INFO]: [grim-datastore] [v2-bootstrap] grim:grim_violations (violations): 0 migration(s)
[02:15:54] [Server thread/INFO]: [grim-datastore] [v2-bootstrap] grim:grim_checks (checks): 0 migration(s)
[02:15:54] [Server thread/INFO]: [grim-datastore] [v2-bootstrap] grim:server_startups (server_startups): 0 migration(s)
[02:15:54] [Server thread/INFO]: [grim-datastore] [grim-datastore] v2 cutover complete: 1 v2 backend(s), ac.grim.grimac.internal.storage.core.V2Routes@10a4c1ad routes installed, 0 legacy backends
[02:15:54] [Server thread/INFO]: [grim-datastore] [grim-datastore] storage startup claimed: serverName='ChangeMe' instanceId=7c6f3322-9f46-45cc-b2cf-2863adce465f startupId=a0812cb0-cccc-4390-a0fa-510aaa5003fb fence=f06d32e7-380f-4d07-9673-db2a26b30a69.
[02:15:54] [Server thread/WARN]: [GrimAC] GrimAC has detected that you have installed ViaBackwards on a 1.21.2+ server.
[02:15:54] [Server thread/WARN]: [GrimAC] This setup is currently unsupported and you will experience issues with older clients using vehicles.
[02:15:54] [Server thread/INFO]: [GrimAC] Registering singular bukkit event... (PistonEvent)
[02:15:54] [Server thread/INFO]: [GrimAC] LuckPerms detected
[02:15:54] [Server thread/INFO]: [PlaceholderAPI] Successfully registered internal expansion: grim [2.3.74-936179e]
[02:15:54] [Server thread/INFO]: [SVCPlaceholderBridge] Enabling SVCPlaceholderBridge v1.0.0
[02:15:54] [Server thread/INFO]: [SVCPlaceholderBridge] Plugin registrado no Simple Voice Chat com sucesso.
[02:15:54] [Server thread/INFO]: [PlaceholderAPI] Successfully registered internal expansion: svcstatus [1.0.0]
[02:15:54] [Server thread/INFO]: [SVCPlaceholderBridge] Expansão de placeholders '%svcstatus_...%' registrada.
[02:15:54] [Server thread/INFO]: [AuthMe] Enabling AuthMe v6.0.0-b2734
[02:15:55] [Server thread/INFO]: [AuthMe] SQLite Setup finished
[02:15:55] [Server thread/INFO]: [AuthMe] Hooked into LuckPerms!
[02:15:55] [Server thread/INFO]: [AuthMe] Hooked successfully into Essentials
[02:15:55] [Server thread/INFO]: [AuthMe] Essentials spawn file not found: '/workspaces/server/servidor_minecraft/plugins/Essentials/spawn.yml'
[02:15:56] [Server thread/INFO]: [AuthMe] AuthMe 6.0.0 build n.2734 successfully enabled!
[02:15:56] [Server thread/INFO]: [UnlimitedNameTags] Enabling UnlimitedNameTags v2.0.1
[02:15:58] [Server thread/INFO]: [UnlimitedNameTags] Paper found, using Paper's tracker
[02:15:58] [Server thread/INFO]: [UnlimitedNameTags] PacketEvents found, hooking into it
[02:15:58] [Server thread/INFO]: [PlaceholderAPI] Successfully registered internal expansion: unt [2.0.1]
[02:15:58] [Server thread/INFO]: [UnlimitedNameTags] ViaVersion found, hooking into it
[02:15:58] [Server thread/INFO]: [UnlimitedNameTags] Floodgate found, hooking into it
[02:15:58] [Server thread/INFO]: [UnlimitedNameTags] API registered
[02:15:58] [Server thread/INFO]: [UnlimitedNameTags] UnlimitedNameTags has been enabled!
[02:15:58] [Server thread/INFO]: [AddHeads] Enabling AddHeads v1.2.2
[02:15:59] [Server thread/ERROR]: Error occurred while enabling AddHeads v1.2.2 (Is it up to date?)
java.lang.NoClassDefFoundError: com/comphenix/protocol/events/PacketAdapter
	at AddHeads-1.2.2.jar//goshkow.addhead.AddHeads.onEnable(AddHeads.java:74) ~[?:?]
	at org.bukkit.plugin.java.JavaPlugin.setEnabled(JavaPlugin.java:279) ~[paper-api-26.1.2.build.60-stable.jar:?]
	at io.papermc.paper.plugin.manager.PaperPluginInstanceManager.enablePlugin(PaperPluginInstanceManager.java:207) ~[paper-26.1.2.jar:26.1.2-60-b4682bf]
	at io.papermc.paper.plugin.manager.PaperPluginManagerImpl.enablePlugin(PaperPluginManagerImpl.java:109) ~[paper-26.1.2.jar:26.1.2-60-b4682bf]
	at org.bukkit.plugin.SimplePluginManager.enablePlugin(SimplePluginManager.java:520) ~[paper-api-26.1.2.build.60-stable.jar:?]
	at org.bukkit.craftbukkit.CraftServer.enablePlugin(CraftServer.java:637) ~[paper-26.1.2.jar:26.1.2-60-b4682bf]
	at org.bukkit.craftbukkit.CraftServer.enablePlugins(CraftServer.java:594) ~[paper-26.1.2.jar:26.1.2-60-b4682bf]
	at net.minecraft.server.MinecraftServer.initPostWorld(MinecraftServer.java:680) ~[paper-26.1.2.jar:26.1.2-60-b4682bf]
	at net.minecraft.server.dedicated.DedicatedServer.initServer(DedicatedServer.java:386) ~[paper-26.1.2.jar:26.1.2-60-b4682bf]
	at net.minecraft.server.MinecraftServer.runServer(MinecraftServer.java:1301) ~[paper-26.1.2.jar:26.1.2-60-b4682bf]
	at net.minecraft.server.MinecraftServer.lambda$spin$0(MinecraftServer.java:304) ~[paper-26.1.2.jar:26.1.2-60-b4682bf]
	at java.base/java.lang.Thread.run(Thread.java:1474) ~[?:?]
Caused by: java.lang.ClassNotFoundException: com.comphenix.protocol.events.PacketAdapter
	at org.bukkit.plugin.java.PluginClassLoader.loadClass0(PluginClassLoader.java:208) ~[paper-api-26.1.2.build.60-stable.jar:?]
	at org.bukkit.plugin.java.PluginClassLoader.loadClass(PluginClassLoader.java:175) ~[paper-api-26.1.2.build.60-stable.jar:?]
	at java.base/java.lang.ClassLoader.loadClass(ClassLoader.java:490) ~[?:?]
	... 12 more
[02:15:59] [Server thread/INFO]: [AddHeads] Disabling AddHeads v1.2.2
[02:15:59] [Server thread/INFO]: [Timber] Enabling Timber v1.8.4
[02:15:59] [Server thread/WARN]: LogBlock isn't injected! 
[02:15:59] [Server thread/WARN]: Install the plugin to improve tree detection 
[02:15:59] [Server thread/WARN]: Download link: https://www.curseforge.com/minecraft/bukkit-plugins/logblocks 
[02:15:59] [Server thread/INFO]: [Timber] Plugin PlaceholderAPI injected
[02:15:59] [Server thread/INFO]: [PlaceholderAPI] Successfully registered internal expansion: timber [26.1.2-60-b4682bf (MC: 26.1.2)]
[02:15:59] [Server thread/INFO]: [Chunky] Enabling Chunky v1.5.3
[02:15:59] [Server thread/INFO]: [GSit] Enabling GSit v3.5.1
[02:15:59] [Server thread/INFO]: [PlaceholderAPI] Successfully registered internal expansion: gsit [3.5.1]
[02:15:59] [Server thread/INFO]: [GSit] The plugin was successfully enabled.
[02:15:59] [Server thread/INFO]: [GSit] Link with PlaceholderAPI successful!
[02:15:59] [Server thread/INFO]: [InvSee++] Enabling InvSeePlusPlus v0.31.15
[02:15:59] [Server thread/INFO]: [InvSee++] Detected server software: Paper version null
[02:16:00] [Server thread/INFO]: [spark] Starting background profiler...
[02:16:01] [Server thread/INFO]: [PlaceholderAPI] Placeholder expansion registration initializing...
[02:16:01] [Server thread/INFO]: [Geyser-Spigot] ******************************************
[02:16:01] [Server thread/INFO]: [Geyser-Spigot] 
[02:16:01] [Server thread/INFO]: [Geyser-Spigot] Loading Geyser version 2.11.0-b1193 (git-master-c813ca4)
[02:16:01] [Server thread/INFO]: [Geyser-Spigot] 
[02:16:01] [Server thread/INFO]: [Geyser-Spigot] ******************************************
[02:16:02] [Server thread/INFO]: [Geyser-Spigot] Registered 199 custom block overrides.
[02:16:02] [Server thread/INFO]: [Geyser-Spigot] Registered 2 custom block item overrides.
[02:16:02] [Server thread/INFO]: [Geyser-Spigot] Registered 7 custom blocks.
[02:16:05] [Server thread/WARN]: [Geyser-Spigot] Custom item geysermc:furnace_minecart overrides the vanilla item model minecraft:furnace_minecart without additional predicates!
[02:16:05] [Server thread/INFO]: [Geyser-Spigot] Registered 1 custom items
[02:16:05] [GeyserServer-3-1/INFO]: [Geyser-Spigot] Started Geyser on UDP port 19132
[02:16:06] [Server thread/INFO]: [Geyser-Spigot] Done (4.541s)! Run /geyser help for help!
[02:16:06] [Server thread/INFO]: Saving chunks for level 'ServerLevel[world]'/minecraft:overworld
[02:16:06] [Server thread/INFO]: Saving chunks for level 'ServerLevel[world]'/minecraft:the_nether
[02:16:06] [Server thread/INFO]: ThreadedAnvilChunkStorage (world): All chunks are saved
[02:16:06] [Server thread/INFO]: ThreadedAnvilChunkStorage (DIM-1): All chunks are saved
[02:16:06] [Server thread/INFO]: ThreadedAnvilChunkStorage: All dimensions are saved
[02:16:06] [Server thread/INFO]: Running delayed init tasks
[02:16:06] [Craft Scheduler Thread - 7 - Essentials/INFO]: [Essentials] Fetching version information...
[02:16:06] [Craft Scheduler Thread - 10 - AuthMe/INFO]: [AuthMe] Downloading GEO IP database, because the old database is older than 30 days or doesn't exist
[02:16:06] [Craft Scheduler Thread - 10 - AuthMe/WARN]: [AuthMe] No MaxMind credentials found in the configuration file! GeoIp protections will be disabled.
[02:16:06] [Craft Scheduler Thread - 10 - AuthMe/INFO]: [AuthMe] There is no newer GEO IP database uploaded to MaxMind. Using the old one for now.
[02:16:06] [Craft Scheduler Thread - 5 - ViaVersion/INFO]: [ViaVersion] Finished mapping loading, shutting down loader executor.
[02:16:06] [Craft Scheduler Thread - 10 - AuthMe/WARN]: [AuthMe] Could not download GeoLiteAPI database [FileNotFoundException]: plugins/AuthMe/GeoLite2-Country.mmdb (No such file or directory)
[02:16:07] [Server thread/WARN]: [ViaVersion] There is a newer plugin version available: 5.11.0, you're on: 5.10.0
[02:16:07] [Server thread/INFO]: Done (60.638s)! For help, type "help"
[02:16:07] [Server thread/INFO]: [voicechat] Loading plugins
[02:16:07] [Server thread/INFO]: [voicechat] Loaded 1 plugin(s)
[02:16:07] [Server thread/INFO]: [voicechat] Initializing plugins
[02:16:07] [Server thread/INFO]: [voicechat] Initialized 1 plugin(s)
[02:16:07] [Server thread/INFO]: [voicechat] Registering events for 'svc-placeholder-bridge'
[02:16:07] [Server thread/WARN]: [voicechat] Running in offline mode - Voice chat encryption is not secure!
[02:16:07] [Craft Scheduler Thread - 9 - GrimAC/INFO]: You are using the latest version of GrimAC
[02:16:07] [VoiceChatServerThread/INFO]: [voicechat] Voice host is '147.185.221.225:29676'
[02:16:07] [Server thread/INFO]: [PlaceholderAPI] Successfully registered external expansion: player [2.0.9]
[02:16:07] [VoiceChatServerThread/INFO]: [voicechat] Voice chat server started at port 24454
[02:16:07] [Server thread/INFO]: [PlaceholderAPI] Successfully registered external expansion: luckperms [5.4-R2]
[02:16:07] [Server thread/INFO]: 2 placeholder hook(s) registered!
[02:16:07] [Paper Async Task Handler Thread - 1/INFO]: *** Currently you are 14 build(s) behind ***
[02:16:07] [Paper Async Task Handler Thread - 1/INFO]: *** It is highly recommended to download the latest build from https://papermc.io/downloads/paper ***
[02:16:07] [User Authenticator #0/INFO]: UUID of player PALITO1987 is dcb335e9-5e2f-31f6-9f48-e65d121d3e63
[02:16:07] [Server thread/INFO]: [HorriblePlayerLoginEventHack] You have plugins listening to the PlayerLoginEvent, this will cause re-configuration APIs to be unavailable: [LuckPerms]
[02:16:53] [Server thread/INFO]: PALITO1987 joined the game
[02:16:54] [Server thread/INFO]: PALITO1987[/127.132.220.250:45371] logged in with entity id 1 at ([minecraft:overworld]49.35118076498771, 69.53584062504456, -70.08781730491675)
[02:16:54] [Craft Scheduler Thread - 13 - AuthMe/INFO]: [AuthMe] PALITO1987 logged in 127.132.220.250
[02:17:11] [Server thread/INFO]: Environment: Environment[sessionHost=https://sessionserver.mojang.com, servicesHost=https://api.minecraftservices.com, profilesHost=https://api.mojang.com, name=PROD]
[02:18:29] [User Authenticator #1/INFO]: UUID of player Cain is 2bdb9c69-3af0-3f6f-a7ed-a68812245d2c
[02:18:35] [Server thread/INFO]: PALITO1987 issued server command: /rtp
[02:18:43] [Server thread/INFO]: PALITO1987 issued server command: /tpa PALITO1987
[02:18:49] [Server thread/INFO]: Cain joined the game
[02:18:49] [Server thread/INFO]: Cain[/127.12.40.67:50149] logged in with entity id 784 at ([minecraft:overworld]1549.0246846568398, 22.641972376502235, -548.4129563068466)
[02:18:49] [Craft Scheduler Thread - 21 - AuthMe/INFO]: [AuthMe] Cain logged in 127.12.40.67
[02:18:57] [Server thread/INFO]: PALITO1987 issued server command: /tpa Cain
[02:19:12] [Server thread/INFO]: PALITO1987 issued server command: /tpa Cain
[02:19:27] [Server thread/WARN]: PALITO1987 was kicked for floating too long!
[02:19:27] [Server thread/INFO]: PALITO1987 lost connection: Flying is not enabled on this server
[02:19:27] [Server thread/INFO]: [voicechat] Disconnecting client PALITO1987
[02:19:27] [Server thread/INFO]: PALITO1987 left the game
[02:20:12] [User Authenticator #2/INFO]: UUID of player PALITO1987 is dcb335e9-5e2f-31f6-9f48-e65d121d3e63
[02:20:45] [Server thread/INFO]: PALITO1987 joined the game
[02:20:45] [Server thread/INFO]: PALITO1987[/127.132.220.250:58401] logged in with entity id 1518 at ([minecraft:overworld]138.79769992125048, 74.25220334025373, 86.3083866433874)
[02:20:45] [Craft Scheduler Thread - 28 - AuthMe/INFO]: [AuthMe] PALITO1987 logged in 127.132.220.250
[02:21:07] [Server thread/INFO]: PALITO1987 hit the ground too hard while trying to escape Zombie
[02:22:05] [Server thread/INFO]: PALITO1987 issued server command: /back
[02:22:05] [Server thread/INFO]: [Essentials] PALITO1987 was denied access to command.
[02:24:35] [Server thread/INFO]: PALITO1987 was blown up by Creeper
[02:25:05] [Server thread/INFO]: PALITO1987 issued server command: /tpa Cain
[02:31:09] [Server thread/INFO]: PALITO1987 lost connection: Disconnected
[02:31:09] [Server thread/INFO]: [voicechat] Disconnecting client PALITO1987
[02:31:09] [Server thread/INFO]: PALITO1987 left the game
